[debug] [2025-08-11T21:41:24.870Z] ----------------------------------------------------------------------
[debug] [2025-08-11T21:41:24.874Z] Command:       C:\Program Files\nodejs\node.exe C:\Users\esthe\AppData\Roaming\npm\node_modules\firebase-tools\lib\bin\firebase.js init
[debug] [2025-08-11T21:41:24.874Z] CLI Version:   14.12.0
[debug] [2025-08-11T21:41:24.874Z] Platform:      win32
[debug] [2025-08-11T21:41:24.874Z] Node Version:  v22.11.0
[debug] [2025-08-11T21:41:24.875Z] Time:          Mon Aug 11 2025 23:41:24 GMT+0200 (Central Africa Time)
[debug] [2025-08-11T21:41:24.875Z] ----------------------------------------------------------------------
[debug] 
[debug] [2025-08-11T21:41:24.881Z] > command requires scopes: ["email","openid","https://www.googleapis.com/auth/cloudplatformprojects.readonly","https://www.googleapis.com/auth/firebase","https://www.googleapis.com/auth/cloud-platform"]
[debug] [2025-08-11T21:41:24.881Z] > authorizing via signed-in user (esthernangula074@gmail.com)
[info] 
     ######## #### ########  ######## ########     ###     ######  ########
     ##        ##  ##     ## ##       ##     ##  ##   ##  ##       ##
     ######    ##  ########  ######   ########  #########  ######  ######
     ##        ##  ##    ##  ##       ##     ## ##     ##       ## ##
     ##       #### ##     ## ######## ########  ##     ##  ######  ########

You're about to initialize a Firebase project in this directory:

  C:\Users\esthe\OneDrive\Desktop\LOTS.APP

[info] 
=== Project Setup
[info] 
[info] First, let's associate this project directory with a Firebase project.
[info] You can create multiple project aliases by running firebase use --add, 
[info] but for now we'll just set up a default project.
[info] 
[debug] [2025-08-11T21:42:49.919Z] Checked if tokens are valid: false, expires at: 1754949292922
[debug] [2025-08-11T21:42:49.920Z] Checked if tokens are valid: false, expires at: 1754949292922
[debug] [2025-08-11T21:42:49.920Z] > refreshing access token with scopes: []
[debug] [2025-08-11T21:42:49.923Z] >>> [apiv2][query] POST https://www.googleapis.com/oauth2/v3/token [none]
[debug] [2025-08-11T21:42:49.923Z] >>> [apiv2][body] POST https://www.googleapis.com/oauth2/v3/token [omitted]
[debug] [2025-08-11T21:42:50.685Z] <<< [apiv2][status] POST https://www.googleapis.com/oauth2/v3/token 200
[debug] [2025-08-11T21:42:50.685Z] <<< [apiv2][body] POST https://www.googleapis.com/oauth2/v3/token [omitted]
[debug] [2025-08-11T21:42:50.692Z] >>> [apiv2][query] GET https://firebase.googleapis.com/v1beta1/projects pageSize=100
[debug] [2025-08-11T21:42:52.225Z] <<< [apiv2][status] GET https://firebase.googleapis.com/v1beta1/projects 200
[debug] [2025-08-11T21:42:52.225Z] <<< [apiv2][body] GET https://firebase.googleapis.com/v1beta1/projects [omitted]
[info] i  Using project firetask-c37db (FireTask) 
[info] 
=== Dataconnect Setup
[debug] [2025-08-11T21:43:52.819Z] Checked if tokens are valid: true, expires at: 1754952169685
[debug] [2025-08-11T21:43:52.819Z] Checked if tokens are valid: true, expires at: 1754952169685
[debug] [2025-08-11T21:43:52.820Z] >>> [apiv2][query] GET https://cloudbilling.googleapis.com/v1/projects/firetask-c37db/billingInfo [none]
[debug] [2025-08-11T21:43:55.989Z] <<< [apiv2][status] GET https://cloudbilling.googleapis.com/v1/projects/firetask-c37db/billingInfo 200
[debug] [2025-08-11T21:43:55.989Z] <<< [apiv2][body] GET https://cloudbilling.googleapis.com/v1/projects/firetask-c37db/billingInfo {"name":"projects/firetask-c37db/billingInfo","projectId":"firetask-c37db","billingAccountName":"","billingEnabled":false}
[info] i  dataconnect: ensuring required API sqladmin.googleapis.com is enabled... 
[debug] [2025-08-11T21:43:55.992Z] Checked if tokens are valid: true, expires at: 1754952169685
[debug] [2025-08-11T21:43:55.992Z] Checked if tokens are valid: true, expires at: 1754952169685
[debug] [2025-08-11T21:43:55.992Z] >>> [apiv2][query] GET https://serviceusage.googleapis.com/v1/projects/firetask-c37db/services/sqladmin.googleapis.com [none]
[debug] [2025-08-11T21:43:55.992Z] >>> [apiv2][(partial)header] GET https://serviceusage.googleapis.com/v1/projects/firetask-c37db/services/sqladmin.googleapis.com x-goog-quota-user=projects/firetask-c37db
[debug] [2025-08-11T21:43:58.960Z] <<< [apiv2][status] GET https://serviceusage.googleapis.com/v1/projects/firetask-c37db/services/sqladmin.googleapis.com 200
[debug] [2025-08-11T21:43:58.960Z] <<< [apiv2][body] GET https://serviceusage.googleapis.com/v1/projects/firetask-c37db/services/sqladmin.googleapis.com [omitted]
[warn] !  dataconnect: missing required API sqladmin.googleapis.com. Enabling now... 
[debug] [2025-08-11T21:43:58.961Z] Checked if tokens are valid: true, expires at: 1754952169685
[debug] [2025-08-11T21:43:58.961Z] Checked if tokens are valid: true, expires at: 1754952169685
[debug] [2025-08-11T21:43:58.961Z] >>> [apiv2][query] POST https://serviceusage.googleapis.com/v1/projects/firetask-c37db/services/sqladmin.googleapis.com:enable [none]
[debug] [2025-08-11T21:43:58.962Z] >>> [apiv2][(partial)header] POST https://serviceusage.googleapis.com/v1/projects/firetask-c37db/services/sqladmin.googleapis.com:enable x-goog-quota-user=projects/firetask-c37db
[debug] [2025-08-11T21:43:59.913Z] <<< [apiv2][status] POST https://serviceusage.googleapis.com/v1/projects/firetask-c37db/services/sqladmin.googleapis.com:enable 200
[debug] [2025-08-11T21:43:59.913Z] <<< [apiv2][body] POST https://serviceusage.googleapis.com/v1/projects/firetask-c37db/services/sqladmin.googleapis.com:enable [omitted]
[info] i  dataconnect: ensuring required API firebasedataconnect.googleapis.com is enabled... 
[debug] [2025-08-11T21:44:09.937Z] Checked if tokens are valid: true, expires at: 1754952169685
[debug] [2025-08-11T21:44:09.938Z] Checked if tokens are valid: true, expires at: 1754952169685
[debug] [2025-08-11T21:44:09.938Z] >>> [apiv2][query] GET https://serviceusage.googleapis.com/v1/projects/firetask-c37db/services/firebasedataconnect.googleapis.com [none]
[debug] [2025-08-11T21:44:09.938Z] >>> [apiv2][(partial)header] GET https://serviceusage.googleapis.com/v1/projects/firetask-c37db/services/firebasedataconnect.googleapis.com x-goog-quota-user=projects/firetask-c37db
[debug] [2025-08-11T21:44:12.276Z] <<< [apiv2][status] GET https://serviceusage.googleapis.com/v1/projects/firetask-c37db/services/firebasedataconnect.googleapis.com 200
[debug] [2025-08-11T21:44:12.276Z] <<< [apiv2][body] GET https://serviceusage.googleapis.com/v1/projects/firetask-c37db/services/firebasedataconnect.googleapis.com [omitted]
[warn] !  dataconnect: missing required API firebasedataconnect.googleapis.com. Enabling now... 
[debug] [2025-08-11T21:44:12.277Z] Checked if tokens are valid: true, expires at: 1754952169685
[debug] [2025-08-11T21:44:12.277Z] Checked if tokens are valid: true, expires at: 1754952169685
[debug] [2025-08-11T21:44:12.277Z] >>> [apiv2][query] POST https://serviceusage.googleapis.com/v1/projects/firetask-c37db/services/firebasedataconnect.googleapis.com:enable [none]
[debug] [2025-08-11T21:44:12.277Z] >>> [apiv2][(partial)header] POST https://serviceusage.googleapis.com/v1/projects/firetask-c37db/services/firebasedataconnect.googleapis.com:enable x-goog-quota-user=projects/firetask-c37db
[debug] [2025-08-11T21:44:13.304Z] <<< [apiv2][status] POST https://serviceusage.googleapis.com/v1/projects/firetask-c37db/services/firebasedataconnect.googleapis.com:enable 200
[debug] [2025-08-11T21:44:13.304Z] <<< [apiv2][body] POST https://serviceusage.googleapis.com/v1/projects/firetask-c37db/services/firebasedataconnect.googleapis.com:enable [omitted]
[debug] [2025-08-11T21:44:23.316Z] Checked if tokens are valid: true, expires at: 1754952169685
[debug] [2025-08-11T21:44:23.316Z] Checked if tokens are valid: true, expires at: 1754952169685
[debug] [2025-08-11T21:44:23.316Z] >>> [apiv2][query] GET https://firebasedataconnect.googleapis.com/v1/projects/firetask-c37db/locations/-/services [none]
[debug] [2025-08-11T21:44:26.316Z] <<< [apiv2][status] GET https://firebasedataconnect.googleapis.com/v1/projects/firetask-c37db/locations/-/services 200
[debug] [2025-08-11T21:44:26.317Z] <<< [apiv2][body] GET https://firebasedataconnect.googleapis.com/v1/projects/firetask-c37db/locations/-/services {}
[info] +  Wrote dataconnect\dataconnect.yaml 
[info] +  Wrote dataconnect\schema\schema.gql 
[info] +  Wrote dataconnect\connector\connector.yaml 
[info] +  Wrote dataconnect\connector\queries.gql 
[info] +  Wrote dataconnect\connector\mutations.gql 
[info] +  Detected WEB app in directory C:\Users\esthe\OneDrive\Desktop\LOTS.APP 
[info] i  Detected react app. Enabling react generated SDKs. 
[info] i  Writing your new SDK configuration to C:\Users\esthe\OneDrive\Desktop\LOTS.APP\dataconnect\connector/connector.yaml 
[info] +  Wrote dataconnect\connector\connector.yaml 
[info] i  dataconnect: downloading dataconnect-emulator-2.11.0.exe... {"metadata":{"emulator":{"name":"dataconnect"},"message":"downloading dataconnect-emulator-2.11.0.exe..."}}
[debug] [2025-08-11T21:44:52.429Z] >>> [apiv2][query] GET https://storage.googleapis.com/firemat-preview-drop/emulator/dataconnect-emulator-windows-v2.11.0 
